1506588737649	geckodriver	INFO	geckodriver 0.19.0
1506588737653	geckodriver	INFO	Listening on 127.0.0.1:63685
1506588739717	mozrunner::runner	INFO	Running command: "C:\\Program Files (x86)\\Mozilla Firefox selenium\\firefox.exe" "-marionette" "-profile" "C:\\Users\\Yensen\\AppData\\Local\\Temp\\rust_mozprofile.Q46h7pSUaOdf"
1506588742697	Marionette	INFO	Listening on port 63691
1506588742954	Marionette	WARN	TLS certificate errors will be ignored for this session
1506589005584	geckodriver	INFO	geckodriver 0.19.0
1506589005588	geckodriver	INFO	Listening on 127.0.0.1:63801
1506589007690	mozrunner::runner	INFO	Running command: "C:\\Program Files (x86)\\Mozilla Firefox selenium\\firefox.exe" "-marionette" "-profile" "C:\\Users\\Yensen\\AppData\\Local\\Temp\\rust_mozprofile.933GsHMau9v4"
1506589010734	Marionette	INFO	Listening on port 63807
1506589010981	Marionette	WARN	TLS certificate errors will be ignored for this session
1506589014206	Marionette	INFO	New connections will no longer be accepted
1506589250609	geckodriver	INFO	geckodriver 0.19.0
1506589250614	geckodriver	INFO	Listening on 127.0.0.1:63886
1506589252706	mozrunner::runner	INFO	Running command: "C:\\Program Files (x86)\\Mozilla Firefox selenium\\firefox.exe" "-marionette" "-profile" "C:\\Users\\Yensen\\AppData\\Local\\Temp\\rust_mozprofile.UCNZhCMUFDUC"
1506589255881	Marionette	INFO	Listening on port 63892
1506589256365	Marionette	WARN	TLS certificate errors will be ignored for this session
1506589655222	geckodriver	INFO	geckodriver 0.19.0
1506589655227	geckodriver	INFO	Listening on 127.0.0.1:64015
1506589657318	mozrunner::runner	INFO	Running command: "C:\\Program Files (x86)\\Mozilla Firefox selenium\\firefox.exe" "-marionette" "-profile" "C:\\Users\\Yensen\\AppData\\Local\\Temp\\rust_mozprofile.0c7QCZtROOC0"
1506589660500	Marionette	INFO	Listening on port 64021
1506589660937	Marionette	WARN	TLS certificate errors will be ignored for this session
JavaScript error: resource://gre/components/nsUrlClassifierListManager.js, line 287: NS_ERROR_NOT_INITIALIZED: Component returned failure code: 0xc1f30001 (NS_ERROR_NOT_INITIALIZED) [nsIUrlClassifierDBService.getTables]
JavaScript error: resource://gre/components/nsUrlClassifierListManager.js, line 287: NS_ERROR_NOT_INITIALIZED: Component returned failure code: 0xc1f30001 (NS_ERROR_NOT_INITIALIZED) [nsIUrlClassifierDBService.getTables]
1506589676574	Marionette	INFO	Ceased listening
1506589680330	geckodriver	INFO	geckodriver 0.19.0
1506589680335	geckodriver	INFO	Listening on 127.0.0.1:64099
1506589682425	mozrunner::runner	INFO	Running command: "C:\\Program Files (x86)\\Mozilla Firefox selenium\\firefox.exe" "-marionette" "-profile" "C:\\Users\\Yensen\\AppData\\Local\\Temp\\rust_mozprofile.0YL3QlSKsZUf"
1506589685483	Marionette	INFO	Listening on port 64105
1506589685652	Marionette	WARN	TLS certificate errors will be ignored for this session
1506589811522	geckodriver	INFO	geckodriver 0.19.0
1506589811527	geckodriver	INFO	Listening on 127.0.0.1:64204
1506589813599	mozrunner::runner	INFO	Running command: "C:\\Program Files (x86)\\Mozilla Firefox selenium\\firefox.exe" "-marionette" "-profile" "C:\\Users\\Yensen\\AppData\\Local\\Temp\\rust_mozprofile.M54Ajp506Hin"
1506589816764	Marionette	INFO	Listening on port 64210
1506589817224	Marionette	WARN	TLS certificate errors will be ignored for this session
1506589820357	Marionette	INFO	New connections will no longer be accepted
1506589824605	geckodriver	INFO	geckodriver 0.19.0
1506589824610	geckodriver	INFO	Listening on 127.0.0.1:64287
1506589826698	mozrunner::runner	INFO	Running command: "C:\\Program Files (x86)\\Mozilla Firefox selenium\\firefox.exe" "-marionette" "-profile" "C:\\Users\\Yensen\\AppData\\Local\\Temp\\rust_mozprofile.GIbsZLnkeP6W"
1506589829441	Marionette	INFO	Listening on port 64293
1506589829832	Marionette	WARN	TLS certificate errors will be ignored for this session
